<?xml version="1.0" encoding="UTF-8"?>
<!-- Generated by org.testng.reporters.JUnitReportReporter -->
<testsuite hostname="W10-VDI-WDW4194" failures="0" tests="1" name="com.httpmethods.cases.ID_05_Verify_Invalid_Endpoint" time="0.442" errors="0" timestamp="2021-09-02T23:21:13 IST" skipped="0">
  <testcase classname="com.httpmethods.cases.ID_05_Verify_Invalid_Endpoint" name="verify_Invalid_Endpoint" time="0.442"/>
  <system-out/>
</testsuite> <!-- com.httpmethods.cases.ID_05_Verify_Invalid_Endpoint -->
