<?xml version="1.0" encoding="UTF-8"?>
<!-- Generated by org.testng.reporters.JUnitReportReporter -->
<testsuite hostname="W10-VDI-WDW4194" failures="0" tests="1" name="com.httpmethods.cases.ID_04_Verify_Invalid_Request" time="0.799" errors="0" timestamp="2021-09-02T23:21:13 IST" skipped="0">
  <testcase classname="com.httpmethods.cases.ID_04_Verify_Invalid_Request" name="verify_Invalid_Request" time="0.799"/>
  <system-out/>
</testsuite> <!-- com.httpmethods.cases.ID_04_Verify_Invalid_Request -->
